build/app/intermediates/manifest_merge_blame_file/debug/processDebugMainManifest/manifest-merger-blame-debug-report.txt
1<?xml version="1.0" encoding="utf-8"?>
2<manifest xmlns:android="http://schemas.android.com/apk/res/android"
3    package="com.example.diplom"
4    android:versionCode="1"
5    android:versionName="0.1.0" >
6
7    <uses-sdk
8        android:minSdkVersion="23"
9        android:targetSdkVersion="35" />
10    <!--
11         The INTERNET permission is required for development. Specifically,
12         the Flutter tool needs it to communicate with the running application
13         to allow setting breakpoints, to provide hot reload, etc.
14    -->
15    <uses-permission android:name="android.permission.INTERNET" />
15-->src\debug\AndroidManifest.xml:6:5-66
15-->src\debug\AndroidManifest.xml:6:22-64
16    <!--
17     Required to query activities that can process text, see:
18         https://developer.android.com/training/package-visibility and
19         https://developer.android.com/reference/android/content/Intent#ACTION_PROCESS_TEXT.
20
21         In particular, this is used by the Flutter engine in io.flutter.plugin.text.ProcessTextPlugin.
22    -->
23    <queries>
23-->src\main\AndroidManifest.xml:39:5-44:15
24        <intent>
24-->src\main\AndroidManifest.xml:40:9-43:18
25            <action android:name="android.intent.action.PROCESS_TEXT" />
25-->src\main\AndroidManifest.xml:41:13-72
25-->src\main\AndroidManifest.xml:41:21-70
26
27            <data android:mimeType="text/plain" />
27-->src\main\AndroidManifest.xml:42:13-50
27-->src\main\AndroidManifest.xml:42:19-48
28        </intent>
29    </queries>
30
31    <uses-permission android:name="android.permission.ACCESS_NETWORK_STATE" />
31-->[com.google.firebase:firebase-auth:23.2.0] AndroidManifest.xml:26:5-79
31-->[com.google.firebase:firebase-auth:23.2.0] AndroidManifest.xml:26:22-76
32    <uses-permission android:name="com.google.android.providers.gsf.permission.READ_GSERVICES" />
32-->[com.google.android.recaptcha:recaptcha:18.6.1] AndroidManifest.xml:9:5-98
32-->[com.google.android.recaptcha:recaptcha:18.6.1] AndroidManifest.xml:9:22-95
33
34    <permission
34-->[androidx.core:core:1.13.1] AndroidManifest.xml:22:5-24:47
35        android:name="com.example.diplom.DYNAMIC_RECEIVER_NOT_EXPORTED_PERMISSION"
35-->[androidx.core:core:1.13.1] AndroidManifest.xml:23:9-81
36        android:protectionLevel="signature" />
36-->[androidx.core:core:1.13.1] AndroidManifest.xml:24:9-44
37
38    <uses-permission android:name="com.example.diplom.DYNAMIC_RECEIVER_NOT_EXPORTED_PERMISSION" />
38-->[androidx.core:core:1.13.1] AndroidManifest.xml:26:5-97
38-->[androidx.core:core:1.13.1] AndroidManifest.xml:26:22-94
39
40    <application
41        android:name="android.app.Application"
42        android:appComponentFactory="androidx.core.app.CoreComponentFactory"
42-->[androidx.core:core:1.13.1] AndroidManifest.xml:28:18-86
43        android:debuggable="true"
44        android:extractNativeLibs="false"
45        android:icon="@mipmap/ic_launcher"
46        android:label="diplom" >
47        <activity
48            android:name="com.example.diplom.MainActivity"
49            android:configChanges="orientation|keyboardHidden|keyboard|screenSize|smallestScreenSize|locale|layoutDirection|fontScale|screenLayout|density|uiMode"
50            android:exported="true"
51            android:hardwareAccelerated="true"
52            android:launchMode="singleTop"
53            android:taskAffinity=""
54            android:theme="@style/LaunchTheme"
55            android:windowSoftInputMode="adjustResize" >
56
57            <!--
58                 Specifies an Android theme to apply to this Activity as soon as
59                 the Android process has started. This theme is visible to the user
60                 while the Flutter UI initializes. After that, this theme continues
61                 to determine the Window background behind the Flutter UI.
62            -->
63            <meta-data
64                android:name="io.flutter.embedding.android.NormalTheme"
65                android:resource="@style/NormalTheme" />
66
67            <intent-filter>
68                <action android:name="android.intent.action.MAIN" />
69
70                <category android:name="android.intent.category.LAUNCHER" />
71            </intent-filter>
72        </activity>
73        <!--
74             Don't delete the meta-data below.
75             This is used by the Flutter tool to generate GeneratedPluginRegistrant.java
76        -->
77        <meta-data
78            android:name="flutterEmbedding"
79            android:value="2" />
80
81        <service
81-->[:firebase_auth] AndroidManifest.xml:8:9-12:19
82            android:name="com.google.firebase.components.ComponentDiscoveryService"
82-->[:firebase_auth] AndroidManifest.xml:8:18-89
83            android:directBootAware="true"
83-->[com.google.firebase:firebase-common:21.0.0] AndroidManifest.xml:32:13-43
84            android:exported="false" >
84-->[com.google.firebase:firebase-auth:23.2.0] AndroidManifest.xml:68:13-37
85            <meta-data
85-->[:firebase_auth] AndroidManifest.xml:9:13-11:85
86                android:name="com.google.firebase.components:io.flutter.plugins.firebase.auth.FlutterFirebaseAuthRegistrar"
86-->[:firebase_auth] AndroidManifest.xml:10:17-124
87                android:value="com.google.firebase.components.ComponentRegistrar" />
87-->[:firebase_auth] AndroidManifest.xml:11:17-82
88            <meta-data
88-->[:cloud_firestore] AndroidManifest.xml:9:13-11:85
89                android:name="com.google.firebase.components:io.flutter.plugins.firebase.firestore.FlutterFirebaseFirestoreRegistrar"
89-->[:cloud_firestore] AndroidManifest.xml:10:17-134
90                android:value="com.google.firebase.components.ComponentRegistrar" />
90-->[:cloud_firestore] AndroidManifest.xml:11:17-82
91            <meta-data
91-->[:firebase_storage] AndroidManifest.xml:9:13-11:85
92                android:name="com.google.firebase.components:io.flutter.plugins.firebase.storage.FlutterFirebaseAppRegistrar"
92-->[:firebase_storage] AndroidManifest.xml:10:17-126
93                android:value="com.google.firebase.components.ComponentRegistrar" />
93-->[:firebase_storage] AndroidManifest.xml:11:17-82
94            <meta-data
94-->[:firebase_core] AndroidManifest.xml:9:13-11:85
95                android:name="com.google.firebase.components:io.flutter.plugins.firebase.core.FlutterFirebaseCoreRegistrar"
95-->[:firebase_core] AndroidManifest.xml:10:17-124
96                android:value="com.google.firebase.components.ComponentRegistrar" />
96-->[:firebase_core] AndroidManifest.xml:11:17-82
97            <meta-data
97-->[com.google.firebase:firebase-auth:23.2.0] AndroidManifest.xml:69:13-71:85
98                android:name="com.google.firebase.components:com.google.firebase.auth.FirebaseAuthRegistrar"
98-->[com.google.firebase:firebase-auth:23.2.0] AndroidManifest.xml:70:17-109
99                android:value="com.google.firebase.components.ComponentRegistrar" />
99-->[com.google.firebase:firebase-auth:23.2.0] AndroidManifest.xml:71:17-82
100            <meta-data
100-->[com.google.firebase:firebase-firestore:25.1.3] AndroidManifest.xml:17:13-19:85
101                android:name="com.google.firebase.components:com.google.firebase.firestore.FirebaseFirestoreKtxRegistrar"
101-->[com.google.firebase:firebase-firestore:25.1.3] AndroidManifest.xml:18:17-122
102                android:value="com.google.firebase.components.ComponentRegistrar" />
102-->[com.google.firebase:firebase-firestore:25.1.3] AndroidManifest.xml:19:17-82
103            <meta-data
103-->[com.google.firebase:firebase-firestore:25.1.3] AndroidManifest.xml:20:13-22:85
104                android:name="com.google.firebase.components:com.google.firebase.firestore.FirestoreRegistrar"
104-->[com.google.firebase:firebase-firestore:25.1.3] AndroidManifest.xml:21:17-111
105                android:value="com.google.firebase.components.ComponentRegistrar" />
105-->[com.google.firebase:firebase-firestore:25.1.3] AndroidManifest.xml:22:17-82
106            <meta-data
106-->[com.google.firebase:firebase-storage:21.0.1] AndroidManifest.xml:30:13-32:85
107                android:name="com.google.firebase.components:com.google.firebase.storage.FirebaseStorageKtxRegistrar"
107-->[com.google.firebase:firebase-storage:21.0.1] AndroidManifest.xml:31:17-118
108                android:value="com.google.firebase.components.ComponentRegistrar" />
108-->[com.google.firebase:firebase-storage:21.0.1] AndroidManifest.xml:32:17-82
109            <meta-data
109-->[com.google.firebase:firebase-storage:21.0.1] AndroidManifest.xml:33:13-35:85
110                android:name="com.google.firebase.components:com.google.firebase.storage.StorageRegistrar"
110-->[com.google.firebase:firebase-storage:21.0.1] AndroidManifest.xml:34:17-107
111                android:value="com.google.firebase.components.ComponentRegistrar" />
111-->[com.google.firebase:firebase-storage:21.0.1] AndroidManifest.xml:35:17-82
112            <meta-data
112-->[com.google.firebase:firebase-appcheck:18.0.0] AndroidManifest.xml:25:13-27:85
113                android:name="com.google.firebase.components:com.google.firebase.appcheck.FirebaseAppCheckKtxRegistrar"
113-->[com.google.firebase:firebase-appcheck:18.0.0] AndroidManifest.xml:26:17-120
114                android:value="com.google.firebase.components.ComponentRegistrar" />
114-->[com.google.firebase:firebase-appcheck:18.0.0] AndroidManifest.xml:27:17-82
115            <meta-data
115-->[com.google.firebase:firebase-appcheck:18.0.0] AndroidManifest.xml:28:13-30:85
116                android:name="com.google.firebase.components:com.google.firebase.appcheck.FirebaseAppCheckRegistrar"
116-->[com.google.firebase:firebase-appcheck:18.0.0] AndroidManifest.xml:29:17-117
117                android:value="com.google.firebase.components.ComponentRegistrar" />
117-->[com.google.firebase:firebase-appcheck:18.0.0] AndroidManifest.xml:30:17-82
118            <meta-data
118-->[com.google.firebase:firebase-common-ktx:21.0.0] AndroidManifest.xml:12:13-14:85
119                android:name="com.google.firebase.components:com.google.firebase.ktx.FirebaseCommonLegacyRegistrar"
119-->[com.google.firebase:firebase-common-ktx:21.0.0] AndroidManifest.xml:13:17-116
120                android:value="com.google.firebase.components.ComponentRegistrar" />
120-->[com.google.firebase:firebase-common-ktx:21.0.0] AndroidManifest.xml:14:17-82
121            <meta-data
121-->[com.google.firebase:firebase-common:21.0.0] AndroidManifest.xml:35:13-37:85
122                android:name="com.google.firebase.components:com.google.firebase.FirebaseCommonKtxRegistrar"
122-->[com.google.firebase:firebase-common:21.0.0] AndroidManifest.xml:36:17-109
123                android:value="com.google.firebase.components.ComponentRegistrar" />
123-->[com.google.firebase:firebase-common:21.0.0] AndroidManifest.xml:37:17-82
124        </service>
125
126        <activity
126-->[com.google.firebase:firebase-auth:23.2.0] AndroidManifest.xml:29:9-46:20
127            android:name="com.google.firebase.auth.internal.GenericIdpActivity"
127-->[com.google.firebase:firebase-auth:23.2.0] AndroidManifest.xml:30:13-80
128            android:excludeFromRecents="true"
128-->[com.google.firebase:firebase-auth:23.2.0] AndroidManifest.xml:31:13-46
129            android:exported="true"
129-->[com.google.firebase:firebase-auth:23.2.0] AndroidManifest.xml:32:13-36
130            android:launchMode="singleTask"
130-->[com.google.firebase:firebase-auth:23.2.0] AndroidManifest.xml:33:13-44
131            android:theme="@android:style/Theme.Translucent.NoTitleBar" >
131-->[com.google.firebase:firebase-auth:23.2.0] AndroidManifest.xml:34:13-72
132            <intent-filter>
132-->[com.google.firebase:firebase-auth:23.2.0] AndroidManifest.xml:35:13-45:29
133                <action android:name="android.intent.action.VIEW" />
133-->[com.google.firebase:firebase-auth:23.2.0] AndroidManifest.xml:36:17-69
133-->[com.google.firebase:firebase-auth:23.2.0] AndroidManifest.xml:36:25-66
134
135                <category android:name="android.intent.category.DEFAULT" />
135-->[com.google.firebase:firebase-auth:23.2.0] AndroidManifest.xml:38:17-76
135-->[com.google.firebase:firebase-auth:23.2.0] AndroidManifest.xml:38:27-73
136                <category android:name="android.intent.category.BROWSABLE" />
136-->[com.google.firebase:firebase-auth:23.2.0] AndroidManifest.xml:39:17-78
136-->[com.google.firebase:firebase-auth:23.2.0] AndroidManifest.xml:39:27-75
137
138                <data
138-->src\main\AndroidManifest.xml:42:13-50
139                    android:host="firebase.auth"
140                    android:path="/"
141                    android:scheme="genericidp" />
142            </intent-filter>
143        </activity>
144        <activity
144-->[com.google.firebase:firebase-auth:23.2.0] AndroidManifest.xml:47:9-64:20
145            android:name="com.google.firebase.auth.internal.RecaptchaActivity"
145-->[com.google.firebase:firebase-auth:23.2.0] AndroidManifest.xml:48:13-79
146            android:excludeFromRecents="true"
146-->[com.google.firebase:firebase-auth:23.2.0] AndroidManifest.xml:49:13-46
147            android:exported="true"
147-->[com.google.firebase:firebase-auth:23.2.0] AndroidManifest.xml:50:13-36
148            android:launchMode="singleTask"
148-->[com.google.firebase:firebase-auth:23.2.0] AndroidManifest.xml:51:13-44
149            android:theme="@android:style/Theme.Translucent.NoTitleBar" >
149-->[com.google.firebase:firebase-auth:23.2.0] AndroidManifest.xml:52:13-72
150            <intent-filter>
150-->[com.google.firebase:firebase-auth:23.2.0] AndroidManifest.xml:53:13-63:29
151                <action android:name="android.intent.action.VIEW" />
151-->[com.google.firebase:firebase-auth:23.2.0] AndroidManifest.xml:36:17-69
151-->[com.google.firebase:firebase-auth:23.2.0] AndroidManifest.xml:36:25-66
152
153                <category android:name="android.intent.category.DEFAULT" />
153-->[com.google.firebase:firebase-auth:23.2.0] AndroidManifest.xml:38:17-76
153-->[com.google.firebase:firebase-auth:23.2.0] AndroidManifest.xml:38:27-73
154                <category android:name="android.intent.category.BROWSABLE" />
154-->[com.google.firebase:firebase-auth:23.2.0] AndroidManifest.xml:39:17-78
154-->[com.google.firebase:firebase-auth:23.2.0] AndroidManifest.xml:39:27-75
155
156                <data
156-->src\main\AndroidManifest.xml:42:13-50
157                    android:host="firebase.auth"
158                    android:path="/"
159                    android:scheme="recaptcha" />
160            </intent-filter>
161        </activity>
162
163        <provider
163-->[:image_picker_android] AndroidManifest.xml:9:9-17:20
164            android:name="io.flutter.plugins.imagepicker.ImagePickerFileProvider"
164-->[:image_picker_android] AndroidManifest.xml:10:13-82
165            android:authorities="com.example.diplom.flutter.image_provider"
165-->[:image_picker_android] AndroidManifest.xml:11:13-74
166            android:exported="false"
166-->[:image_picker_android] AndroidManifest.xml:12:13-37
167            android:grantUriPermissions="true" >
167-->[:image_picker_android] AndroidManifest.xml:13:13-47
168            <meta-data
168-->[:image_picker_android] AndroidManifest.xml:14:13-16:75
169                android:name="android.support.FILE_PROVIDER_PATHS"
169-->[:image_picker_android] AndroidManifest.xml:15:17-67
170                android:resource="@xml/flutter_image_picker_file_paths" />
170-->[:image_picker_android] AndroidManifest.xml:16:17-72
171        </provider> <!-- Trigger Google Play services to install the backported photo picker module. -->
172        <service
172-->[:image_picker_android] AndroidManifest.xml:19:9-31:19
173            android:name="com.google.android.gms.metadata.ModuleDependencies"
173-->[:image_picker_android] AndroidManifest.xml:20:13-78
174            android:enabled="false"
174-->[:image_picker_android] AndroidManifest.xml:21:13-36
175            android:exported="false" >
175-->[:image_picker_android] AndroidManifest.xml:22:13-37
176            <intent-filter>
176-->[:image_picker_android] AndroidManifest.xml:24:13-26:29
177                <action android:name="com.google.android.gms.metadata.MODULE_DEPENDENCIES" />
177-->[:image_picker_android] AndroidManifest.xml:25:17-94
177-->[:image_picker_android] AndroidManifest.xml:25:25-91
178            </intent-filter>
179
180            <meta-data
180-->[:image_picker_android] AndroidManifest.xml:28:13-30:36
181                android:name="photopicker_activity:0:required"
181-->[:image_picker_android] AndroidManifest.xml:29:17-63
182                android:value="" />
182-->[:image_picker_android] AndroidManifest.xml:30:17-33
183        </service>
184        <service
184-->[androidx.credentials:credentials-play-services-auth:1.2.0-rc01] AndroidManifest.xml:24:9-32:19
185            android:name="androidx.credentials.playservices.CredentialProviderMetadataHolder"
185-->[androidx.credentials:credentials-play-services-auth:1.2.0-rc01] AndroidManifest.xml:25:13-94
186            android:enabled="true"
186-->[androidx.credentials:credentials-play-services-auth:1.2.0-rc01] AndroidManifest.xml:26:13-35
187            android:exported="false" >
187-->[androidx.credentials:credentials-play-services-auth:1.2.0-rc01] AndroidManifest.xml:27:13-37
188            <meta-data
188-->[androidx.credentials:credentials-play-services-auth:1.2.0-rc01] AndroidManifest.xml:29:13-31:104
189                android:name="androidx.credentials.CREDENTIAL_PROVIDER_KEY"
189-->[androidx.credentials:credentials-play-services-auth:1.2.0-rc01] AndroidManifest.xml:30:17-76
190                android:value="androidx.credentials.playservices.CredentialProviderPlayServicesImpl" />
190-->[androidx.credentials:credentials-play-services-auth:1.2.0-rc01] AndroidManifest.xml:31:17-101
191        </service>
192
193        <activity
193-->[androidx.credentials:credentials-play-services-auth:1.2.0-rc01] AndroidManifest.xml:34:9-41:20
194            android:name="androidx.credentials.playservices.HiddenActivity"
194-->[androidx.credentials:credentials-play-services-auth:1.2.0-rc01] AndroidManifest.xml:35:13-76
195            android:configChanges="orientation|screenSize|screenLayout|keyboardHidden"
195-->[androidx.credentials:credentials-play-services-auth:1.2.0-rc01] AndroidManifest.xml:36:13-87
196            android:enabled="true"
196-->[androidx.credentials:credentials-play-services-auth:1.2.0-rc01] AndroidManifest.xml:37:13-35
197            android:exported="false"
197-->[androidx.credentials:credentials-play-services-auth:1.2.0-rc01] AndroidManifest.xml:38:13-37
198            android:fitsSystemWindows="true"
198-->[androidx.credentials:credentials-play-services-auth:1.2.0-rc01] AndroidManifest.xml:39:13-45
199            android:theme="@style/Theme.Hidden" >
199-->[androidx.credentials:credentials-play-services-auth:1.2.0-rc01] AndroidManifest.xml:40:13-48
200        </activity>
201        <activity
201-->[com.google.android.gms:play-services-auth:21.0.0] AndroidManifest.xml:23:9-27:75
202            android:name="com.google.android.gms.auth.api.signin.internal.SignInHubActivity"
202-->[com.google.android.gms:play-services-auth:21.0.0] AndroidManifest.xml:24:13-93
203            android:excludeFromRecents="true"
203-->[com.google.android.gms:play-services-auth:21.0.0] AndroidManifest.xml:25:13-46
204            android:exported="false"
204-->[com.google.android.gms:play-services-auth:21.0.0] AndroidManifest.xml:26:13-37
205            android:theme="@android:style/Theme.Translucent.NoTitleBar" />
205-->[com.google.android.gms:play-services-auth:21.0.0] AndroidManifest.xml:27:13-72
206        <!--
207            Service handling Google Sign-In user revocation. For apps that do not integrate with
208            Google Sign-In, this service will never be started.
209        -->
210        <service
210-->[com.google.android.gms:play-services-auth:21.0.0] AndroidManifest.xml:33:9-37:51
211            android:name="com.google.android.gms.auth.api.signin.RevocationBoundService"
211-->[com.google.android.gms:play-services-auth:21.0.0] AndroidManifest.xml:34:13-89
212            android:exported="true"
212-->[com.google.android.gms:play-services-auth:21.0.0] AndroidManifest.xml:35:13-36
213            android:permission="com.google.android.gms.auth.api.signin.permission.REVOCATION_NOTIFICATION"
213-->[com.google.android.gms:play-services-auth:21.0.0] AndroidManifest.xml:36:13-107
214            android:visibleToInstantApps="true" />
214-->[com.google.android.gms:play-services-auth:21.0.0] AndroidManifest.xml:37:13-48
215
216        <provider
216-->[com.google.firebase:firebase-common:21.0.0] AndroidManifest.xml:23:9-28:39
217            android:name="com.google.firebase.provider.FirebaseInitProvider"
217-->[com.google.firebase:firebase-common:21.0.0] AndroidManifest.xml:24:13-77
218            android:authorities="com.example.diplom.firebaseinitprovider"
218-->[com.google.firebase:firebase-common:21.0.0] AndroidManifest.xml:25:13-72
219            android:directBootAware="true"
219-->[com.google.firebase:firebase-common:21.0.0] AndroidManifest.xml:26:13-43
220            android:exported="false"
220-->[com.google.firebase:firebase-common:21.0.0] AndroidManifest.xml:27:13-37
221            android:initOrder="100" />
221-->[com.google.firebase:firebase-common:21.0.0] AndroidManifest.xml:28:13-36
222
223        <activity
223-->[com.google.android.gms:play-services-base:18.1.0] AndroidManifest.xml:20:9-22:45
224            android:name="com.google.android.gms.common.api.GoogleApiActivity"
224-->[com.google.android.gms:play-services-base:18.1.0] AndroidManifest.xml:20:19-85
225            android:exported="false"
225-->[com.google.android.gms:play-services-base:18.1.0] AndroidManifest.xml:22:19-43
226            android:theme="@android:style/Theme.Translucent.NoTitleBar" />
226-->[com.google.android.gms:play-services-base:18.1.0] AndroidManifest.xml:21:19-78
227
228        <provider
228-->[androidx.lifecycle:lifecycle-process:2.7.0] AndroidManifest.xml:24:9-32:20
229            android:name="androidx.startup.InitializationProvider"
229-->[androidx.lifecycle:lifecycle-process:2.7.0] AndroidManifest.xml:25:13-67
230            android:authorities="com.example.diplom.androidx-startup"
230-->[androidx.lifecycle:lifecycle-process:2.7.0] AndroidManifest.xml:26:13-68
231            android:exported="false" >
231-->[androidx.lifecycle:lifecycle-process:2.7.0] AndroidManifest.xml:27:13-37
232            <meta-data
232-->[androidx.lifecycle:lifecycle-process:2.7.0] AndroidManifest.xml:29:13-31:52
233                android:name="androidx.lifecycle.ProcessLifecycleInitializer"
233-->[androidx.lifecycle:lifecycle-process:2.7.0] AndroidManifest.xml:30:17-78
234                android:value="androidx.startup" />
234-->[androidx.lifecycle:lifecycle-process:2.7.0] AndroidManifest.xml:31:17-49
235            <meta-data
235-->[androidx.profileinstaller:profileinstaller:1.3.1] AndroidManifest.xml:29:13-31:52
236                android:name="androidx.profileinstaller.ProfileInstallerInitializer"
236-->[androidx.profileinstaller:profileinstaller:1.3.1] AndroidManifest.xml:30:17-85
237                android:value="androidx.startup" />
237-->[androidx.profileinstaller:profileinstaller:1.3.1] AndroidManifest.xml:31:17-49
238        </provider>
239
240        <uses-library
240-->[androidx.window:window:1.2.0] AndroidManifest.xml:23:9-25:40
241            android:name="androidx.window.extensions"
241-->[androidx.window:window:1.2.0] AndroidManifest.xml:24:13-54
242            android:required="false" />
242-->[androidx.window:window:1.2.0] AndroidManifest.xml:25:13-37
243        <uses-library
243-->[androidx.window:window:1.2.0] AndroidManifest.xml:26:9-28:40
244            android:name="androidx.window.sidecar"
244-->[androidx.window:window:1.2.0] AndroidManifest.xml:27:13-51
245            android:required="false" />
245-->[androidx.window:window:1.2.0] AndroidManifest.xml:28:13-37
246
247        <meta-data
247-->[com.google.android.gms:play-services-basement:18.4.0] AndroidManifest.xml:6:9-122
248            android:name="com.google.android.gms.version"
248-->[com.google.android.gms:play-services-basement:18.4.0] AndroidManifest.xml:6:20-65
249            android:value="@integer/google_play_services_version" />
249-->[com.google.android.gms:play-services-basement:18.4.0] AndroidManifest.xml:6:66-119
250
251        <receiver
251-->[androidx.profileinstaller:profileinstaller:1.3.1] AndroidManifest.xml:34:9-52:20
252            android:name="androidx.profileinstaller.ProfileInstallReceiver"
252-->[androidx.profileinstaller:profileinstaller:1.3.1] AndroidManifest.xml:35:13-76
253            android:directBootAware="false"
253-->[androidx.profileinstaller:profileinstaller:1.3.1] AndroidManifest.xml:36:13-44
254            android:enabled="true"
254-->[androidx.profileinstaller:profileinstaller:1.3.1] AndroidManifest.xml:37:13-35
255            android:exported="true"
255-->[androidx.profileinstaller:profileinstaller:1.3.1] AndroidManifest.xml:38:13-36
256            android:permission="android.permission.DUMP" >
256-->[androidx.profileinstaller:profileinstaller:1.3.1] AndroidManifest.xml:39:13-57
257            <intent-filter>
257-->[androidx.profileinstaller:profileinstaller:1.3.1] AndroidManifest.xml:40:13-42:29
258                <action android:name="androidx.profileinstaller.action.INSTALL_PROFILE" />
258-->[androidx.profileinstaller:profileinstaller:1.3.1] AndroidManifest.xml:41:17-91
258-->[androidx.profileinstaller:profileinstaller:1.3.1] AndroidManifest.xml:41:25-88
259            </intent-filter>
260            <intent-filter>
260-->[androidx.profileinstaller:profileinstaller:1.3.1] AndroidManifest.xml:43:13-45:29
261                <action android:name="androidx.profileinstaller.action.SKIP_FILE" />
261-->[androidx.profileinstaller:profileinstaller:1.3.1] AndroidManifest.xml:44:17-85
261-->[androidx.profileinstaller:profileinstaller:1.3.1] AndroidManifest.xml:44:25-82
262            </intent-filter>
263            <intent-filter>
263-->[androidx.profileinstaller:profileinstaller:1.3.1] AndroidManifest.xml:46:13-48:29
264                <action android:name="androidx.profileinstaller.action.SAVE_PROFILE" />
264-->[androidx.profileinstaller:profileinstaller:1.3.1] AndroidManifest.xml:47:17-88
264-->[androidx.profileinstaller:profileinstaller:1.3.1] AndroidManifest.xml:47:25-85
265            </intent-filter>
266            <intent-filter>
266-->[androidx.profileinstaller:profileinstaller:1.3.1] AndroidManifest.xml:49:13-51:29
267                <action android:name="androidx.profileinstaller.action.BENCHMARK_OPERATION" />
267-->[androidx.profileinstaller:profileinstaller:1.3.1] AndroidManifest.xml:50:17-95
267-->[androidx.profileinstaller:profileinstaller:1.3.1] AndroidManifest.xml:50:25-92
268            </intent-filter>
269        </receiver> <!-- The activities will be merged into the manifest of the hosting app. -->
270        <activity
270-->[com.google.android.play:core-common:2.0.3] AndroidManifest.xml:14:9-18:65
271            android:name="com.google.android.play.core.common.PlayCoreDialogWrapperActivity"
271-->[com.google.android.play:core-common:2.0.3] AndroidManifest.xml:15:13-93
272            android:exported="false"
272-->[com.google.android.play:core-common:2.0.3] AndroidManifest.xml:16:13-37
273            android:stateNotNeeded="true"
273-->[com.google.android.play:core-common:2.0.3] AndroidManifest.xml:17:13-42
274            android:theme="@style/Theme.PlayCore.Transparent" />
274-->[com.google.android.play:core-common:2.0.3] AndroidManifest.xml:18:13-62
275    </application>
276
277</manifest>